Using pre-set license
Built from '2020.2/release' branch; Version is '2020.2.1f1 (270dd8c3da1c) revision 2559448'; Using compiler version '192528614'; Build Type 'Release'
OS: 'Windows 10  (10.0.0) 64bit' Language: 'es' Physical Memory: 16252 MB
BatchMode: 1, IsHumanControllingUs: 0, StartBugReporterOnCrash: 0, Is64bit: 1, IsPro: 0

 COMMAND LINE ARGUMENTS:
D:\Programs\Unities\2020.2.1f1\Editor\Unity.exe
-adb2
-batchMode
-noUpm
-name
AssetImportWorker0
-projectPath
X:/Documents/Repos/ggj21/GGJ21
-logFile
Logs/AssetImportWorker0.log
-srvPort
62120
Successfully changed project path to: X:/Documents/Repos/ggj21/GGJ21
X:/Documents/Repos/ggj21/GGJ21
Using Asset Import Pipeline V2.
Refreshing native plugins compatible for Editor in 52.18 ms, found 0 plugins.
Preloading 0 native plugins for Editor in 0.00 ms.
Initialize engine version: 2020.2.1f1 (270dd8c3da1c)
[Subsystems] Discovering subsystems at path D:/Programs/Unities/2020.2.1f1/Editor/Data/Resources/UnitySubsystems
[Subsystems] Discovering subsystems at path X:/Documents/Repos/ggj21/GGJ21/Assets
GfxDevice: creating device client; threaded=0
Direct3D:
    Version:  Direct3D 11.0 [level 11.1]
    Renderer: NVIDIA GeForce GTX 1050 (ID=0x1c8d)
    Vendor:   
    VRAM:     4021 MB
    Driver:   27.21.14.6140
Initialize mono
Mono path[0] = 'D:/Programs/Unities/2020.2.1f1/Editor/Data/Managed'
Mono path[1] = 'D:/Programs/Unities/2020.2.1f1/Editor/Data/MonoBleedingEdge/lib/mono/unityjit'
Mono config path = 'D:/Programs/Unities/2020.2.1f1/Editor/Data/MonoBleedingEdge/etc'
Using monoOptions --debugger-agent=transport=dt_socket,embedding=1,server=y,suspend=n,address=127.0.0.1:56500
Begin MonoManager ReloadAssembly
Registering precompiled unity dll's ...
Register platform support module: D:/Programs/Unities/2020.2.1f1/Editor/Data/PlaybackEngines/WebGLSupport/UnityEditor.WebGL.Extensions.dll
Register platform support module: D:/Programs/Unities/2020.2.1f1/Editor/Data/PlaybackEngines/MacStandaloneSupport/UnityEditor.OSXStandalone.Extensions.dll
Register platform support module: D:/Programs/Unities/2020.2.1f1/Editor/Data/PlaybackEngines/WindowsStandaloneSupport/UnityEditor.WindowsStandalone.Extensions.dll
Register platform support module: D:/Programs/Unities/2020.2.1f1/Editor/Data/PlaybackEngines/LinuxStandaloneSupport/UnityEditor.LinuxStandalone.Extensions.dll
Register platform support module: D:/Programs/Unities/2020.2.1f1/Editor/Data/PlaybackEngines/LuminSupport/UnityEditor.Lumin.Extensions.dll
Registered in 0.002234 seconds.
Native extension for Lumin target not found
Native extension for LinuxStandalone target not found
Native extension for WindowsStandalone target not found
Native extension for OSXStandalone target not found
Native extension for WebGL target not found
Refreshing native plugins compatible for Editor in 34.34 ms, found 0 plugins.
Preloading 0 native plugins for Editor in 0.00 ms.
Invoked RoslynAnalysisRunner static constructor.
RoslynAnalysisRunner will not be running.
RoslynAnalysisRunner has terminated.
Mono: successfully reloaded assembly
- Completed reload, in  1.423 seconds
Platform modules already initialized, skipping
Registering precompiled user dll's ...
Registered in 0.000684 seconds.
Begin MonoManager ReloadAssembly
Native extension for Lumin target not found
Native extension for LinuxStandalone target not found
Native extension for WindowsStandalone target not found
Native extension for OSXStandalone target not found
Native extension for WebGL target not found
Refreshing native plugins compatible for Editor in 0.34 ms, found 0 plugins.
Preloading 0 native plugins for Editor in 0.00 ms.
Invoked RoslynAnalysisRunner static constructor.
RoslynAnalysisRunner will not be running.
RoslynAnalysisRunner has terminated.
Mono: successfully reloaded assembly
- Completed reload, in  1.360 seconds
Platform modules already initialized, skipping
========================================================================
Worker process is ready to serve import requests
Launched and connected shader compiler UnityShaderCompiler.exe after 0.06 seconds
Refreshing native plugins compatible for Editor in 0.53 ms, found 0 plugins.
Preloading 0 native plugins for Editor in 0.00 ms.
Unloading 1193 Unused Serialized files (Serialized files now loaded: 0)
System memory in use before: 58.6 MB.
System memory in use after: 58.7 MB.

Unloading 22 unused Assets to reduce memory usage. Loaded Objects now: 1620.
Total: 3.634700 ms (FindLiveObjects: 0.348600 ms CreateObjectMapping: 0.140900 ms MarkObjects: 3.042200 ms  DeleteObjects: 0.100600 ms)

========================================================================
Received Import Request.
  path: Assets
  artifactKey: Guid(00000000000000001000000000000000) Importer(815301076,1909f56bfc062723c751e8b465ee728b)
Start importing Assets using Guid(00000000000000001000000000000000) Importer(815301076,1909f56bfc062723c751e8b465ee728b)  -> (artifact id: 'e1a2c4dac9df7c17871e19a3b74f0e9f') in 0.181538 seconds
  Import took 0.184786 seconds .

========================================================================
Received Import Request.
  Time since last request: 7.107973 seconds.
  path: Assets/Scripts
  artifactKey: Guid(af63c10429064954585f763caeba1990) Importer(815301076,1909f56bfc062723c751e8b465ee728b)
Start importing Assets/Scripts using Guid(af63c10429064954585f763caeba1990) Importer(815301076,1909f56bfc062723c751e8b465ee728b)  -> (artifact id: 'e01cc03dfe4675d6f2df4faddb38885d') in 0.009104 seconds
  Import took 0.011565 seconds .

========================================================================
Received Import Request.
  Time since last request: 9.049776 seconds.
  path: Assets/Scripts/Input
  artifactKey: Guid(599b8052f4608b64889fbea3610e3182) Importer(815301076,1909f56bfc062723c751e8b465ee728b)
Start importing Assets/Scripts/Input using Guid(599b8052f4608b64889fbea3610e3182) Importer(815301076,1909f56bfc062723c751e8b465ee728b)  -> (artifact id: '2b60bb535609318316d79ca781d89845') in 0.008585 seconds
  Import took 0.011310 seconds .

========================================================================
Received Import Request.
  Time since last request: 54.527409 seconds.
  path: Assets/Scripts/Input/SwipeDetector.cs
  artifactKey: Guid(a3aaf395ed8596542ba7384f41099171) Importer(815301076,1909f56bfc062723c751e8b465ee728b)
Start importing Assets/Scripts/Input/SwipeDetector.cs using Guid(a3aaf395ed8596542ba7384f41099171) Importer(815301076,1909f56bfc062723c751e8b465ee728b)  -> (artifact id: '506b7f82473e64546f9079761288489e') in 0.062093 seconds
  Import took 0.065165 seconds .

========================================================================
Received Prepare
Registering precompiled user dll's ...
Registered in 0.000544 seconds.
Begin MonoManager ReloadAssembly
Native extension for Lumin target not found
Native extension for LinuxStandalone target not found
Native extension for WindowsStandalone target not found
Native extension for OSXStandalone target not found
Native extension for WebGL target not found
Refreshing native plugins compatible for Editor in 0.46 ms, found 0 plugins.
Preloading 0 native plugins for Editor in 0.00 ms.
Invoked RoslynAnalysisRunner static constructor.
RoslynAnalysisRunner will not be running.
RoslynAnalysisRunner has terminated.
Mono: successfully reloaded assembly
- Completed reload, in  0.935 seconds
Platform modules already initialized, skipping
Refreshing native plugins compatible for Editor in 0.52 ms, found 0 plugins.
Preloading 0 native plugins for Editor in 0.00 ms.
Unloading 1188 Unused Serialized files (Serialized files now loaded: 0)
System memory in use before: 58.6 MB.
System memory in use after: 58.7 MB.

Unloading 17 unused Assets to reduce memory usage. Loaded Objects now: 1623.
Total: 1.654600 ms (FindLiveObjects: 0.130400 ms CreateObjectMapping: 0.037300 ms MarkObjects: 1.416500 ms  DeleteObjects: 0.056100 ms)

========================================================================
Received Prepare
Registering precompiled user dll's ...
Registered in 0.000574 seconds.
Begin MonoManager ReloadAssembly
Native extension for Lumin target not found
Native extension for LinuxStandalone target not found
Native extension for WindowsStandalone target not found
Native extension for OSXStandalone target not found
Native extension for WebGL target not found
Refreshing native plugins compatible for Editor in 0.31 ms, found 0 plugins.
Preloading 0 native plugins for Editor in 0.00 ms.
Invoked RoslynAnalysisRunner static constructor.
RoslynAnalysisRunner will not be running.
RoslynAnalysisRunner has terminated.
Mono: successfully reloaded assembly
- Completed reload, in  0.868 seconds
Platform modules already initialized, skipping
Refreshing native plugins compatible for Editor in 0.32 ms, found 0 plugins.
Preloading 0 native plugins for Editor in 0.00 ms.
Unloading 1188 Unused Serialized files (Serialized files now loaded: 0)
System memory in use before: 58.7 MB.
System memory in use after: 58.8 MB.

Unloading 17 unused Assets to reduce memory usage. Loaded Objects now: 1625.
Total: 2.060000 ms (FindLiveObjects: 0.289800 ms CreateObjectMapping: 0.057400 ms MarkObjects: 1.652500 ms  DeleteObjects: 0.059200 ms)

========================================================================
Received Import Request.
  Time since last request: 208.071784 seconds.
  path: Assets/Scripts/Input/SwipeDetector.cs
  artifactKey: Guid(a3aaf395ed8596542ba7384f41099171) Importer(815301076,1909f56bfc062723c751e8b465ee728b)
Start importing Assets/Scripts/Input/SwipeDetector.cs using Guid(a3aaf395ed8596542ba7384f41099171) Importer(815301076,1909f56bfc062723c751e8b465ee728b)  -> (artifact id: '8627735cde2bfcf3cfbc3af27155d4d0') in 0.004905 seconds
  Import took 0.007144 seconds .

========================================================================
Received Import Request.
  Time since last request: 12.102537 seconds.
  path: Assets/Scripts/Test
  artifactKey: Guid(3d90c0e3b20f50844b6e22ec9dbeb7f9) Importer(815301076,1909f56bfc062723c751e8b465ee728b)
Start importing Assets/Scripts/Test using Guid(3d90c0e3b20f50844b6e22ec9dbeb7f9) Importer(815301076,1909f56bfc062723c751e8b465ee728b)  -> (artifact id: 'b2fbb07fee6630899cca56174b8add98') in 0.009255 seconds
  Import took 0.011204 seconds .

========================================================================
Received Import Request.
  Time since last request: 11.226841 seconds.
  path: Assets/Scripts/Test/TestSwipe.cs
  artifactKey: Guid(1e0e02842d17ba64280c6b6727e2282f) Importer(815301076,1909f56bfc062723c751e8b465ee728b)
Start importing Assets/Scripts/Test/TestSwipe.cs using Guid(1e0e02842d17ba64280c6b6727e2282f) Importer(815301076,1909f56bfc062723c751e8b465ee728b)  -> (artifact id: '54caa1afd6c387d8a17c80c46a33e795') in 0.008838 seconds
  Import took 0.012261 seconds .

========================================================================
Received Prepare
Registering precompiled user dll's ...
Registered in 0.000749 seconds.
Begin MonoManager ReloadAssembly
Native extension for Lumin target not found
Native extension for LinuxStandalone target not found
Native extension for WindowsStandalone target not found
Native extension for OSXStandalone target not found
Native extension for WebGL target not found
Refreshing native plugins compatible for Editor in 0.40 ms, found 0 plugins.
Preloading 0 native plugins for Editor in 0.00 ms.
Invoked RoslynAnalysisRunner static constructor.
RoslynAnalysisRunner will not be running.
RoslynAnalysisRunner has terminated.
Mono: successfully reloaded assembly
- Completed reload, in  0.930 seconds
Platform modules already initialized, skipping
Refreshing native plugins compatible for Editor in 0.36 ms, found 0 plugins.
Preloading 0 native plugins for Editor in 0.00 ms.
Unloading 1189 Unused Serialized files (Serialized files now loaded: 0)
System memory in use before: 58.8 MB.
System memory in use after: 58.9 MB.

Unloading 17 unused Assets to reduce memory usage. Loaded Objects now: 1628.
Total: 2.150500 ms (FindLiveObjects: 0.136900 ms CreateObjectMapping: 0.041900 ms MarkObjects: 1.951300 ms  DeleteObjects: 0.019300 ms)

========================================================================
Received Import Request.
  Time since last request: 551.664146 seconds.
  path: Assets/Scripts/Test/TestSwipe.cs
  artifactKey: Guid(1e0e02842d17ba64280c6b6727e2282f) Importer(815301076,1909f56bfc062723c751e8b465ee728b)
Start importing Assets/Scripts/Test/TestSwipe.cs using Guid(1e0e02842d17ba64280c6b6727e2282f) Importer(815301076,1909f56bfc062723c751e8b465ee728b)  -> (artifact id: 'fbd75952153b8b7a34a9e4524e06223c') in 0.008084 seconds
  Import took 0.010847 seconds .

========================================================================
Received Import Request.
  Time since last request: 238.166922 seconds.
  path: Assets/Scripts/Test/TestSwipe.cs
  artifactKey: Guid(1e0e02842d17ba64280c6b6727e2282f) Importer(815301076,1909f56bfc062723c751e8b465ee728b)
Start importing Assets/Scripts/Test/TestSwipe.cs using Guid(1e0e02842d17ba64280c6b6727e2282f) Importer(815301076,1909f56bfc062723c751e8b465ee728b)  -> (artifact id: 'cb0c0ea386b26a28084bdc8bf295607c') in 0.003550 seconds
  Import took 0.006421 seconds .

========================================================================
Received Prepare
Registering precompiled user dll's ...
Registered in 0.000569 seconds.
Begin MonoManager ReloadAssembly
Native extension for Lumin target not found
Native extension for LinuxStandalone target not found
Native extension for WindowsStandalone target not found
Native extension for OSXStandalone target not found
Native extension for WebGL target not found
Refreshing native plugins compatible for Editor in 0.47 ms, found 0 plugins.
Preloading 0 native plugins for Editor in 0.00 ms.
Invoked RoslynAnalysisRunner static constructor.
RoslynAnalysisRunner will not be running.
RoslynAnalysisRunner has terminated.
Mono: successfully reloaded assembly
- Completed reload, in  0.934 seconds
Platform modules already initialized, skipping
Refreshing native plugins compatible for Editor in 0.43 ms, found 0 plugins.
Preloading 0 native plugins for Editor in 0.00 ms.
Unloading 1189 Unused Serialized files (Serialized files now loaded: 0)
System memory in use before: 58.9 MB.
System memory in use after: 59.0 MB.

Unloading 17 unused Assets to reduce memory usage. Loaded Objects now: 1630.
Total: 1.730800 ms (FindLiveObjects: 0.142000 ms CreateObjectMapping: 0.034400 ms MarkObjects: 1.534100 ms  DeleteObjects: 0.019400 ms)

========================================================================
Received Import Request.
  Time since last request: 41.402592 seconds.
  path: Assets/Scripts/Test/TestSwipe.cs
  artifactKey: Guid(1e0e02842d17ba64280c6b6727e2282f) Importer(815301076,1909f56bfc062723c751e8b465ee728b)
Start importing Assets/Scripts/Test/TestSwipe.cs using Guid(1e0e02842d17ba64280c6b6727e2282f) Importer(815301076,1909f56bfc062723c751e8b465ee728b)  -> (artifact id: '3bc03dd03a36e08707eecd16593b7359') in 0.004580 seconds
  Import took 0.007140 seconds .

========================================================================
Received Prepare
Registering precompiled user dll's ...
Registered in 0.000580 seconds.
Begin MonoManager ReloadAssembly
Native extension for Lumin target not found
Native extension for LinuxStandalone target not found
Native extension for WindowsStandalone target not found
Native extension for OSXStandalone target not found
Native extension for WebGL target not found
Refreshing native plugins compatible for Editor in 0.72 ms, found 0 plugins.
Preloading 0 native plugins for Editor in 0.00 ms.
Invoked RoslynAnalysisRunner static constructor.
RoslynAnalysisRunner will not be running.
RoslynAnalysisRunner has terminated.
Mono: successfully reloaded assembly
- Completed reload, in  0.999 seconds
Platform modules already initialized, skipping
Refreshing native plugins compatible for Editor in 0.31 ms, found 0 plugins.
Preloading 0 native plugins for Editor in 0.00 ms.
Unloading 1189 Unused Serialized files (Serialized files now loaded: 0)
System memory in use before: 59.0 MB.
System memory in use after: 59.1 MB.

Unloading 17 unused Assets to reduce memory usage. Loaded Objects now: 1632.
Total: 2.007900 ms (FindLiveObjects: 0.310500 ms CreateObjectMapping: 0.090100 ms MarkObjects: 1.554400 ms  DeleteObjects: 0.049300 ms)

========================================================================
Received Prepare
Registering precompiled user dll's ...
Registered in 0.000621 seconds.
Begin MonoManager ReloadAssembly
Native extension for Lumin target not found
Native extension for LinuxStandalone target not found
Native extension for WindowsStandalone target not found
Native extension for OSXStandalone target not found
Native extension for WebGL target not found
Refreshing native plugins compatible for Editor in 0.38 ms, found 0 plugins.
Preloading 0 native plugins for Editor in 0.00 ms.
Invoked RoslynAnalysisRunner static constructor.
RoslynAnalysisRunner will not be running.
RoslynAnalysisRunner has terminated.
Mono: successfully reloaded assembly
- Completed reload, in  1.123 seconds
Platform modules already initialized, skipping
Refreshing native plugins compatible for Editor in 0.43 ms, found 0 plugins.
Preloading 0 native plugins for Editor in 0.00 ms.
Unloading 1189 Unused Serialized files (Serialized files now loaded: 0)
System memory in use before: 59.0 MB.
System memory in use after: 59.1 MB.

Unloading 17 unused Assets to reduce memory usage. Loaded Objects now: 1634.
Total: 1.827000 ms (FindLiveObjects: 0.178300 ms CreateObjectMapping: 0.043300 ms MarkObjects: 1.586500 ms  DeleteObjects: 0.017400 ms)

AssetImportWorkerClient::OnTransportError - code=2 error=End of file
